# gotchas.log - lobster-doctor 失败记录
# 格式: 时间 | 任务类型 | 失败点 | 错误信息 | 用户反馈 | 解决方案

## 从 PROGRESS.md 和历史使用提炼的真实失败点

2026-03-24 10:00 | cleanup |误删重要文件 | 白名单未更新 | 用户发现文件丢失 | 使用 cleanup --undo 撤销，扩展白名单
2026-03-24 11:30 | feishu-push | 推送格式错误 | 输出格式未标记 | 飞书未正确解析 | 使用 [FEISHU_REPORT] 标记开头
2026-03-25 14:00 | session | 阈值不匹配 | 线性阈值不适配模型 | 警告过频繁或过少 | 改用相对阈值（基于上下文窗口百分比）
2026-03-26 09:30 | slim | 算法去重失败 | 滑动窗口匹配标点问题 | 瘦身效果差 | 修复算法：忽略标点，降低阈值 10→6

## Gotchas 汇总

### 安全清理
- ❌ 白名单不全 → 误删
- ✅ 清理前检查白名单，支持 --undo

### 飞书推送
- ❌ 格式未标记 → 解析失败
- ✅ 输出以 [FEISHU_REPORT] 开头

### 会话监控
- ❌ 线性阈值 → 不适配模型
- ✅ 用相对阈值：健康<50%，注意50-70%，警告70-85%，危险>85%

### 技能瘦身
- ❌ 去重失败 → 效果差
- ✅ 检查算法参数，调低阈值